{"C:\\Users\\aurasjobs\\Desktop\\Microverse\\microverse-js-jest-demo\\src\\demo.js": {"path":"C:\\Users\\aurasjobs\\Desktop\\Microverse\\microverse-js-jest-demo\\src\\demo.js","statementMap":{"0":{"start":{"line":1,"column":19},"end":{"line":1,"column":27}}},"fnMap":{"0":{"name":"(anonymous_0)","decl":{"start":{"line":1,"column":19},"end":{"line":1,"column":20}},"loc":{"start":{"line":1,"column":25},"end":{"line":1,"column":27}},"line":1}},"branchMap":{},"s":{"0":1},"f":{"0":1},"b":{},"_coverageSchema":"1a1c01bbd47fc00a2c39e90264f33305004495a9","hash":"6e5575f701cee4015eb9a9184559d007ace6915a"}
}
